{"name":"TC_01_CreateOrder","status":"skipped","statusDetails":{"known":false,"muted":false,"flaky":false,"message":"There was an error creating WebDriver object for Chrome","trace":"io.github.bonigarcia.wdm.config.WebDriverManagerException: There was an error creating WebDriver object for Chrome\r\n\tat io.github.bonigarcia.wdm.WebDriverManager.instantiateDriver(WebDriverManager.java:1775)\r\n\tat io.github.bonigarcia.wdm.WebDriverManager.create(WebDriverManager.java:425)\r\n\tat commons.BaseTest.getBrowserDriver(BaseTest.java:30)\r\n\tat com.shopify.store.CreateOrders.beforeClass(CreateOrders.java:24)\r\n\tat sun.reflect.NativeMethodAccessorImpl.invoke0(Native Method)\r\n\tat sun.reflect.NativeMethodAccessorImpl.invoke(NativeMethodAccessorImpl.java:62)\r\n\tat sun.reflect.DelegatingMethodAccessorImpl.invoke(DelegatingMethodAccessorImpl.java:43)\r\n\tat java.lang.reflect.Method.invoke(Method.java:498)\r\n\tat org.testng.internal.MethodInvocationHelper.invokeMethod(MethodInvocationHelper.java:133)\r\n\tat org.testng.internal.MethodInvocationHelper.invokeMethodConsideringTimeout(MethodInvocationHelper.java:62)\r\n\tat org.testng.internal.ConfigInvoker.invokeConfigurationMethod(ConfigInvoker.java:385)\r\n\tat org.testng.internal.ConfigInvoker.invokeConfigurations(ConfigInvoker.java:321)\r\n\tat org.testng.internal.TestMethodWorker.invokeBeforeClassMethods(TestMethodWorker.java:176)\r\n\tat org.testng.internal.TestMethodWorker.run(TestMethodWorker.java:122)\r\n\tat java.util.ArrayList.forEach(ArrayList.java:1259)\r\n\tat org.testng.TestRunner.privateRun(TestRunner.java:794)\r\n\tat org.testng.TestRunner.run(TestRunner.java:596)\r\n\tat org.testng.SuiteRunner.runTest(SuiteRunner.java:377)\r\n\tat org.testng.SuiteRunner.runSequentially(SuiteRunner.java:371)\r\n\tat org.testng.SuiteRunner.privateRun(SuiteRunner.java:332)\r\n\tat org.testng.SuiteRunner.run(SuiteRunner.java:276)\r\n\tat org.testng.SuiteRunnerWorker.runSuite(SuiteRunnerWorker.java:53)\r\n\tat org.testng.SuiteRunnerWorker.run(SuiteRunnerWorker.java:96)\r\n\tat org.testng.TestNG.runSuitesSequentially(TestNG.java:1212)\r\n\tat org.testng.TestNG.runSuitesLocally(TestNG.java:1134)\r\n\tat org.testng.TestNG.runSuites(TestNG.java:1063)\r\n\tat org.testng.TestNG.run(TestNG.java:1031)\r\n\tat com.intellij.rt.testng.IDEARemoteTestNG.run(IDEARemoteTestNG.java:66)\r\n\tat com.intellij.rt.testng.RemoteTestNGStarter.main(RemoteTestNGStarter.java:109)\r\nCaused by: java.lang.reflect.InvocationTargetException\r\n\tat sun.reflect.NativeConstructorAccessorImpl.newInstance0(Native Method)\r\n\tat sun.reflect.NativeConstructorAccessorImpl.newInstance(NativeConstructorAccessorImpl.java:62)\r\n\tat sun.reflect.DelegatingConstructorAccessorImpl.newInstance(DelegatingConstructorAccessorImpl.java:45)\r\n\tat java.lang.reflect.Constructor.newInstance(Constructor.java:423)\r\n\tat io.github.bonigarcia.wdm.webdriver.WebDriverCreator.createLocalWebDriver(WebDriverCreator.java:64)\r\n\tat io.github.bonigarcia.wdm.WebDriverManager.createLocalWebDriver(WebDriverManager.java:1949)\r\n\tat io.github.bonigarcia.wdm.WebDriverManager.instantiateDriver(WebDriverManager.java:1764)\r\n\t... 28 more\r\nCaused by: org.openqa.selenium.SessionNotCreatedException: Could not start a new session. Response code 500. Message: session not created: This version of ChromeDriver only supports Chrome version 114\nCurrent browser version is 118.0.5993.71 with binary path C:\\Program Files\\Google\\Chrome\\Application\\chrome.exe \nHost info: host: 'DESKTOP-KI65OIA', ip: '192.168.11.196'\nBuild info: version: '4.12.1', revision: '8e34639b11'\nSystem info: os.name: 'Windows 10', os.arch: 'amd64', os.version: '10.0', java.version: '1.8.0_333'\nDriver info: org.openqa.selenium.chrome.ChromeDriver\nCommand: [null, newSession {capabilities=[Capabilities {browserName: chrome, goog:chromeOptions: {args: [--remote-allow-origins=*], extensions: []}}]}]\r\n\tat org.openqa.selenium.remote.ProtocolHandshake.createSession(ProtocolHandshake.java:140)\r\n\tat org.openqa.selenium.remote.ProtocolHandshake.createSession(ProtocolHandshake.java:96)\r\n\tat org.openqa.selenium.remote.ProtocolHandshake.createSession(ProtocolHandshake.java:68)\r\n\tat org.openqa.selenium.remote.HttpCommandExecutor.execute(HttpCommandExecutor.java:163)\r\n\tat org.openqa.selenium.remote.service.DriverCommandExecutor.invokeExecute(DriverCommandExecutor.java:196)\r\n\tat org.openqa.selenium.remote.service.DriverCommandExecutor.execute(DriverCommandExecutor.java:171)\r\n\tat org.openqa.selenium.remote.RemoteWebDriver.execute(RemoteWebDriver.java:602)\r\n\tat org.openqa.selenium.remote.RemoteWebDriver.startSession(RemoteWebDriver.java:236)\r\n\tat org.openqa.selenium.remote.RemoteWebDriver.<init>(RemoteWebDriver.java:163)\r\n\tat org.openqa.selenium.chromium.ChromiumDriver.<init>(ChromiumDriver.java:108)\r\n\tat org.openqa.selenium.chrome.ChromeDriver.<init>(ChromeDriver.java:88)\r\n\tat org.openqa.selenium.chrome.ChromeDriver.<init>(ChromeDriver.java:83)\r\n\tat org.openqa.selenium.chrome.ChromeDriver.<init>(ChromeDriver.java:51)\r\n\t... 35 more\r\n"},"stage":"finished","description":"Create order","steps":[],"attachments":[],"parameters":[{"name":"browser","value":"Chrome"}],"start":1697527592493,"stop":1697527592495,"uuid":"504b077d-3d58-4ccb-bfde-6ffb88082c65","historyId":"fe9eb6cccce8811bdcf81452b1a515e7","fullName":"com.shopify.store.CreateOrders.TC_01_CreateOrder","labels":[{"name":"package","value":"com.shopify.store.CreateOrders"},{"name":"testClass","value":"com.shopify.store.CreateOrders"},{"name":"testMethod","value":"TC_01_CreateOrder"},{"name":"parentSuite","value":"Shopify"},{"name":"suite","value":"Run on Chrome"},{"name":"subSuite","value":"com.shopify.store.CreateOrders"},{"name":"host","value":"DESKTOP-KI65OIA"},{"name":"thread","value":"14888@DESKTOP-KI65OIA.main(1)"},{"name":"framework","value":"testng"},{"name":"language","value":"java"},{"name":"severity","value":"normal"}],"links":[]}