{"name":"TC_01_CreateOrder","status":"broken","statusDetails":{"known":false,"muted":false,"flaky":false,"message":"Expected condition failed: waiting for visibility of element located by By.xpath: //h2[contains(text(),'Thank you')] (tried for 30 second(s) with 500 milliseconds interval)\nBuild info: version: '4.14.1', revision: '03f8ede370'\nSystem info: os.name: 'Windows 11', os.arch: 'amd64', os.version: '10.0', java.version: '11.0.20'\nDriver info: org.openqa.selenium.chrome.ChromeDriver\nCapabilities {acceptInsecureCerts: false, browserName: chrome-headless-shell, browserVersion: 120.0.6099.129, chrome: {chromedriverVersion: 120.0.6099.109 (3419140ab66..., userDataDir: C:\\Users\\Admin\\AppData\\Loca...}, fedcm:accounts: true, goog:chromeOptions: {debuggerAddress: localhost:56589}, networkConnectionEnabled: false, pageLoadStrategy: normal, platformName: windows, proxy: Proxy(), se:cdp: ws://localhost:56589/devtoo..., se:cdpVersion: 120.0.6099.129, setWindowRect: true, strictFileInteractability: false, timeouts: {implicit: 0, pageLoad: 300000, script: 30000}, unhandledPromptBehavior: dismiss and notify, webauthn:extension:credBlob: true, webauthn:extension:largeBlob: true, webauthn:extension:minPinLength: true, webauthn:extension:prf: true, webauthn:virtualAuthenticators: true}\nSession ID: 723fb13911013c017cb5c494603d401a","trace":"org.openqa.selenium.TimeoutException: Expected condition failed: waiting for visibility of element located by By.xpath: //h2[contains(text(),'Thank you')] (tried for 30 second(s) with 500 milliseconds interval)\nBuild info: version: '4.14.1', revision: '03f8ede370'\nSystem info: os.name: 'Windows 11', os.arch: 'amd64', os.version: '10.0', java.version: '11.0.20'\nDriver info: org.openqa.selenium.chrome.ChromeDriver\nCapabilities {acceptInsecureCerts: false, browserName: chrome-headless-shell, browserVersion: 120.0.6099.129, chrome: {chromedriverVersion: 120.0.6099.109 (3419140ab66..., userDataDir: C:\\Users\\Admin\\AppData\\Loca...}, fedcm:accounts: true, goog:chromeOptions: {debuggerAddress: localhost:56589}, networkConnectionEnabled: false, pageLoadStrategy: normal, platformName: windows, proxy: Proxy(), se:cdp: ws://localhost:56589/devtoo..., se:cdpVersion: 120.0.6099.129, setWindowRect: true, strictFileInteractability: false, timeouts: {implicit: 0, pageLoad: 300000, script: 30000}, unhandledPromptBehavior: dismiss and notify, webauthn:extension:credBlob: true, webauthn:extension:largeBlob: true, webauthn:extension:minPinLength: true, webauthn:extension:prf: true, webauthn:virtualAuthenticators: true}\nSession ID: 723fb13911013c017cb5c494603d401a\r\n\tat org.openqa.selenium.support.ui.WebDriverWait.timeoutException(WebDriverWait.java:84)\r\n\tat org.openqa.selenium.support.ui.FluentWait.until(FluentWait.java:230)\r\n\tat commons.BasePage.waitForElementVisible(BasePage.java:464)\r\n\tat pageObject.shopify.storeFront.CheckoutPagePortalObject.getCheckoutPageText(CheckoutPagePortalObject.java:92)\r\n\tat com.shopify.store.CreateOrders.TC_01_CreateOrder(CreateOrders.java:56)\r\n\tat java.base/jdk.internal.reflect.NativeMethodAccessorImpl.invoke0(Native Method)\r\n\tat java.base/jdk.internal.reflect.NativeMethodAccessorImpl.invoke(NativeMethodAccessorImpl.java:62)\r\n\tat java.base/jdk.internal.reflect.DelegatingMethodAccessorImpl.invoke(DelegatingMethodAccessorImpl.java:43)\r\n\tat java.base/java.lang.reflect.Method.invoke(Method.java:566)\r\n\tat org.testng.internal.invokers.MethodInvocationHelper.invokeMethod(MethodInvocationHelper.java:139)\r\n\tat org.testng.internal.invokers.TestInvoker.invokeMethod(TestInvoker.java:677)\r\n\tat org.testng.internal.invokers.TestInvoker.invokeTestMethod(TestInvoker.java:221)\r\n\tat org.testng.internal.invokers.MethodRunner.runInSequence(MethodRunner.java:50)\r\n\tat org.testng.internal.invokers.TestInvoker$MethodInvocationAgent.invoke(TestInvoker.java:969)\r\n\tat org.testng.internal.invokers.TestInvoker.invokeTestMethods(TestInvoker.java:194)\r\n\tat org.testng.internal.invokers.TestMethodWorker.invokeTestMethods(TestMethodWorker.java:148)\r\n\tat org.testng.internal.invokers.TestMethodWorker.run(TestMethodWorker.java:128)\r\n\tat java.base/java.util.ArrayList.forEach(ArrayList.java:1541)\r\n\tat org.testng.TestRunner.privateRun(TestRunner.java:829)\r\n\tat org.testng.TestRunner.run(TestRunner.java:602)\r\n\tat org.testng.SuiteRunner.runTest(SuiteRunner.java:437)\r\n\tat org.testng.SuiteRunner.runSequentially(SuiteRunner.java:431)\r\n\tat org.testng.SuiteRunner.privateRun(SuiteRunner.java:391)\r\n\tat org.testng.SuiteRunner.run(SuiteRunner.java:330)\r\n\tat org.testng.SuiteRunnerWorker.runSuite(SuiteRunnerWorker.java:52)\r\n\tat org.testng.SuiteRunnerWorker.run(SuiteRunnerWorker.java:95)\r\n\tat org.testng.TestNG.runSuitesSequentially(TestNG.java:1256)\r\n\tat org.testng.TestNG.runSuitesLocally(TestNG.java:1176)\r\n\tat org.testng.TestNG.runSuites(TestNG.java:1099)\r\n\tat org.testng.TestNG.run(TestNG.java:1067)\r\n\tat org.apache.maven.surefire.testng.TestNGExecutor.run(TestNGExecutor.java:283)\r\n\tat org.apache.maven.surefire.testng.TestNGXmlTestSuite.execute(TestNGXmlTestSuite.java:75)\r\n\tat org.apache.maven.surefire.testng.TestNGProvider.invoke(TestNGProvider.java:120)\r\n\tat org.apache.maven.surefire.booter.ForkedBooter.invokeProviderInSameClassLoader(ForkedBooter.java:383)\r\n\tat org.apache.maven.surefire.booter.ForkedBooter.runSuitesInProcess(ForkedBooter.java:344)\r\n\tat org.apache.maven.surefire.booter.ForkedBooter.execute(ForkedBooter.java:125)\r\n\tat org.apache.maven.surefire.booter.ForkedBooter.main(ForkedBooter.java:417)\r\n"},"stage":"finished","description":"Create order","steps":[{"name":"Login to Shopify store","status":"passed","stage":"finished","steps":[],"attachments":[],"parameters":[{"name":"password","value":"12345678a"}],"start":1703476083865,"stop":1703476086078},{"name":"Click to Searchbar","status":"passed","stage":"finished","steps":[],"attachments":[],"parameters":[],"start":1703476086079,"stop":1703476086166},{"name":"Enter to Searchbar with value is Ae-1000W-1Bvef_Test 1","status":"passed","stage":"finished","steps":[],"attachments":[],"parameters":[{"name":"value","value":"Ae-1000W-1Bvef_Test 1"}],"start":1703476086167,"stop":1703476086333},{"name":"Open to product detail","status":"passed","stage":"finished","steps":[],"attachments":[],"parameters":[],"start":1703476086333,"stop":1703476088014},{"name":"Open to Checkout screen","status":"passed","stage":"finished","steps":[],"attachments":[],"parameters":[],"start":1703476088014,"stop":1703476088100},{"name":"Enter to Contact textbox with value is hoangnh@omegatheme.com","status":"passed","stage":"finished","steps":[],"attachments":[],"parameters":[{"name":"value","value":"hoangnh@omegatheme.com"}],"start":1703476088100,"stop":1703476091305},{"name":"Enter to FirstName textbox with value is huy","status":"passed","stage":"finished","steps":[],"attachments":[],"parameters":[{"name":"value","value":"huy"}],"start":1703476091305,"stop":1703476091613},{"name":"Enter to LastName textbox with value is hoang","status":"passed","stage":"finished","steps":[],"attachments":[],"parameters":[{"name":"value","value":"hoang"}],"start":1703476091613,"stop":1703476091783},{"name":"Enter to Address textbox with value is 1202 Chalet Ln","status":"passed","stage":"finished","steps":[],"attachments":[],"parameters":[{"name":"value","value":"1202 Chalet Ln"}],"start":1703476091784,"stop":1703476092057},{"name":"Enter to City textbox with value is Harrison","status":"passed","stage":"finished","steps":[],"attachments":[],"parameters":[{"name":"value","value":"Harrison"}],"start":1703476092057,"stop":1703476092304},{"name":"Enter to Postal textbox with value is 72601","status":"passed","stage":"finished","steps":[],"attachments":[],"parameters":[{"name":"value","value":"72601"}],"start":1703476092304,"stop":1703476092953},{"name":"Enter to Card number textbox with value 1","status":"passed","stage":"finished","steps":[],"attachments":[],"parameters":[{"name":"fieldName","value":"Card number"},{"name":"value","value":"1"}],"start":1703476092953,"stop":1703476093502},{"name":"Enter to Expiration date textbox with value ","status":"passed","stage":"finished","steps":[],"attachments":[],"parameters":[{"name":"fieldName","value":"Expiration date"},{"name":"value","value":""}],"start":1703476093505,"stop":1703476093846},{"name":"Enter to Expiration date textbox with value ","status":"passed","stage":"finished","steps":[],"attachments":[],"parameters":[{"name":"fieldName","value":"Expiration date"},{"name":"value","value":""}],"start":1703476093846,"stop":1703476094074},{"name":"Enter to Expiration date textbox with value ","status":"passed","stage":"finished","steps":[],"attachments":[],"parameters":[{"name":"fieldName","value":"Expiration date"},{"name":"value","value":""}],"start":1703476094074,"stop":1703476094490},{"name":"Enter to Expiration date textbox with value ","status":"passed","stage":"finished","steps":[],"attachments":[],"parameters":[{"name":"fieldName","value":"Expiration date"},{"name":"value","value":""}],"start":1703476095500,"stop":1703476095756},{"name":"Enter to Security code textbox with value 111","status":"passed","stage":"finished","steps":[],"attachments":[],"parameters":[{"name":"fieldName","value":"Security code"},{"name":"value","value":"111"}],"start":1703476095756,"stop":1703476096169},{"name":"Click to Pay Now button","status":"passed","stage":"finished","steps":[],"attachments":[],"parameters":[],"start":1703476096171,"stop":1703476096408},{"name":"Verify Checkout success message","status":"broken","statusDetails":{"known":false,"muted":false,"flaky":false,"message":"Expected condition failed: waiting for visibility of element located by By.xpath: //h2[contains(text(),'Thank you')] (tried for 30 second(s) with 500 milliseconds interval)\nBuild info: version: '4.14.1', revision: '03f8ede370'\nSystem info: os.name: 'Windows 11', os.arch: 'amd64', os.version: '10.0', java.version: '11.0.20'\nDriver info: org.openqa.selenium.chrome.ChromeDriver\nCapabilities {acceptInsecureCerts: false, browserName: chrome-headless-shell, browserVersion: 120.0.6099.129, chrome: {chromedriverVersion: 120.0.6099.109 (3419140ab66..., userDataDir: C:\\Users\\Admin\\AppData\\Loca...}, fedcm:accounts: true, goog:chromeOptions: {debuggerAddress: localhost:56589}, networkConnectionEnabled: false, pageLoadStrategy: normal, platformName: windows, proxy: Proxy(), se:cdp: ws://localhost:56589/devtoo..., se:cdpVersion: 120.0.6099.129, setWindowRect: true, strictFileInteractability: false, timeouts: {implicit: 0, pageLoad: 300000, script: 30000}, unhandledPromptBehavior: dismiss and notify, webauthn:extension:credBlob: true, webauthn:extension:largeBlob: true, webauthn:extension:minPinLength: true, webauthn:extension:prf: true, webauthn:virtualAuthenticators: true}\nSession ID: 723fb13911013c017cb5c494603d401a","trace":"org.openqa.selenium.TimeoutException: Expected condition failed: waiting for visibility of element located by By.xpath: //h2[contains(text(),'Thank you')] (tried for 30 second(s) with 500 milliseconds interval)\nBuild info: version: '4.14.1', revision: '03f8ede370'\nSystem info: os.name: 'Windows 11', os.arch: 'amd64', os.version: '10.0', java.version: '11.0.20'\nDriver info: org.openqa.selenium.chrome.ChromeDriver\nCapabilities {acceptInsecureCerts: false, browserName: chrome-headless-shell, browserVersion: 120.0.6099.129, chrome: {chromedriverVersion: 120.0.6099.109 (3419140ab66..., userDataDir: C:\\Users\\Admin\\AppData\\Loca...}, fedcm:accounts: true, goog:chromeOptions: {debuggerAddress: localhost:56589}, networkConnectionEnabled: false, pageLoadStrategy: normal, platformName: windows, proxy: Proxy(), se:cdp: ws://localhost:56589/devtoo..., se:cdpVersion: 120.0.6099.129, setWindowRect: true, strictFileInteractability: false, timeouts: {implicit: 0, pageLoad: 300000, script: 30000}, unhandledPromptBehavior: dismiss and notify, webauthn:extension:credBlob: true, webauthn:extension:largeBlob: true, webauthn:extension:minPinLength: true, webauthn:extension:prf: true, webauthn:virtualAuthenticators: true}\nSession ID: 723fb13911013c017cb5c494603d401a\r\n\tat org.openqa.selenium.support.ui.WebDriverWait.timeoutException(WebDriverWait.java:84)\r\n\tat org.openqa.selenium.support.ui.FluentWait.until(FluentWait.java:230)\r\n\tat commons.BasePage.waitForElementVisible(BasePage.java:464)\r\n\tat pageObject.shopify.storeFront.CheckoutPagePortalObject.getCheckoutPageText(CheckoutPagePortalObject.java:92)\r\n\tat com.shopify.store.CreateOrders.TC_01_CreateOrder(CreateOrders.java:56)\r\n\tat java.base/jdk.internal.reflect.NativeMethodAccessorImpl.invoke0(Native Method)\r\n\tat java.base/jdk.internal.reflect.NativeMethodAccessorImpl.invoke(NativeMethodAccessorImpl.java:62)\r\n\tat java.base/jdk.internal.reflect.DelegatingMethodAccessorImpl.invoke(DelegatingMethodAccessorImpl.java:43)\r\n\tat java.base/java.lang.reflect.Method.invoke(Method.java:566)\r\n\tat org.testng.internal.invokers.MethodInvocationHelper.invokeMethod(MethodInvocationHelper.java:139)\r\n\tat org.testng.internal.invokers.TestInvoker.invokeMethod(TestInvoker.java:677)\r\n\tat org.testng.internal.invokers.TestInvoker.invokeTestMethod(TestInvoker.java:221)\r\n\tat org.testng.internal.invokers.MethodRunner.runInSequence(MethodRunner.java:50)\r\n\tat org.testng.internal.invokers.TestInvoker$MethodInvocationAgent.invoke(TestInvoker.java:969)\r\n\tat org.testng.internal.invokers.TestInvoker.invokeTestMethods(TestInvoker.java:194)\r\n\tat org.testng.internal.invokers.TestMethodWorker.invokeTestMethods(TestMethodWorker.java:148)\r\n\tat org.testng.internal.invokers.TestMethodWorker.run(TestMethodWorker.java:128)\r\n\tat java.base/java.util.ArrayList.forEach(ArrayList.java:1541)\r\n\tat org.testng.TestRunner.privateRun(TestRunner.java:829)\r\n\tat org.testng.TestRunner.run(TestRunner.java:602)\r\n\tat org.testng.SuiteRunner.runTest(SuiteRunner.java:437)\r\n\tat org.testng.SuiteRunner.runSequentially(SuiteRunner.java:431)\r\n\tat org.testng.SuiteRunner.privateRun(SuiteRunner.java:391)\r\n\tat org.testng.SuiteRunner.run(SuiteRunner.java:330)\r\n\tat org.testng.SuiteRunnerWorker.runSuite(SuiteRunnerWorker.java:52)\r\n\tat org.testng.SuiteRunnerWorker.run(SuiteRunnerWorker.java:95)\r\n\tat org.testng.TestNG.runSuitesSequentially(TestNG.java:1256)\r\n\tat org.testng.TestNG.runSuitesLocally(TestNG.java:1176)\r\n\tat org.testng.TestNG.runSuites(TestNG.java:1099)\r\n\tat org.testng.TestNG.run(TestNG.java:1067)\r\n\tat org.apache.maven.surefire.testng.TestNGExecutor.run(TestNGExecutor.java:283)\r\n\tat org.apache.maven.surefire.testng.TestNGXmlTestSuite.execute(TestNGXmlTestSuite.java:75)\r\n\tat org.apache.maven.surefire.testng.TestNGProvider.invoke(TestNGProvider.java:120)\r\n\tat org.apache.maven.surefire.booter.ForkedBooter.invokeProviderInSameClassLoader(ForkedBooter.java:383)\r\n\tat org.apache.maven.surefire.booter.ForkedBooter.runSuitesInProcess(ForkedBooter.java:344)\r\n\tat org.apache.maven.surefire.booter.ForkedBooter.execute(ForkedBooter.java:125)\r\n\tat org.apache.maven.surefire.booter.ForkedBooter.main(ForkedBooter.java:417)\r\n"},"stage":"finished","steps":[],"attachments":[],"parameters":[],"start":1703476096408,"stop":1703476126502}],"attachments":[{"name":"Screenshot of TC_01_CreateOrder","source":"005e3187-f712-4545-9f71-fd263112ebb6-attachment","type":"image/png"},{"name":"Text attachment of TC_01_CreateOrder failed and screenshot taken!","source":"fe7d1a74-839c-463f-b2f3-638c8c1ac8a4-attachment","type":"text/plain"}],"parameters":[{"name":"browser","value":"Chrome"}],"start":1703476083840,"stop":1703476126667,"uuid":"1e999bfc-0c1a-4eed-bf36-09a4240944ed","historyId":"fe9eb6cccce8811bdcf81452b1a515e7","fullName":"com.shopify.store.CreateOrders.TC_01_CreateOrder","labels":[{"name":"package","value":"com.shopify.store.CreateOrders"},{"name":"testClass","value":"com.shopify.store.CreateOrders"},{"name":"testMethod","value":"TC_01_CreateOrder"},{"name":"parentSuite","value":"Order tracking"},{"name":"suite","value":"Run Create Orders"},{"name":"subSuite","value":"com.shopify.store.CreateOrders"},{"name":"host","value":"DESKTOP-KI65OIA"},{"name":"thread","value":"23556@DESKTOP-KI65OIA.main(1)"},{"name":"framework","value":"testng"},{"name":"language","value":"java"},{"name":"severity","value":"normal"}],"links":[]}