<?xml version="1.0" encoding="UTF-8"?>
<!-- Generated by org.testng.reporters.JUnitXMLReporter -->
<testsuite ignored="0" hostname="DESKTOP-KI65OIA" failures="2" tests="2" name="Run on Chrome" time="8.704" errors="0" timestamp="2023-04-26T09:15:09 ICT">
  <testcase classname="com.shopify.admin.Level_15_Allure" name="User_01_Register" time="2.883">
    <failure type="java.lang.AssertionError" message="expected [Test] but found [Your registration completed]">
        <![CDATA[java.lang.AssertionError: expected [Test] but found [Your registration completed]
at com.shopify.admin.Level_15_Allure.User_01_Register(Level_15_Allure.java:59)
at java.base/java.util.ArrayList.forEach(ArrayList.java:1511)
... Removed 30 stack frames]]>
    </failure>
  </testcase> <!-- User_01_Register -->
  <testcase classname="com.shopify.admin.Level_15_Allure" name="User_02_Login" time="1.411">
    <failure type="java.lang.AssertionError" message="expected [false] but found [true]">
        <![CDATA[java.lang.AssertionError: expected [false] but found [true]
at com.shopify.admin.Level_15_Allure.User_02_Login(Level_15_Allure.java:80)
at java.base/java.util.ArrayList.forEach(ArrayList.java:1511)
... Removed 28 stack frames]]>
    </failure>
  </testcase> <!-- User_02_Login -->
</testsuite> <!-- Run on Chrome -->
